<testData xmlns:s="http://autox.yukthitech.com/steps" xmlns:wrap="http://xmlbeanparser.yukthitech.com/wrap" xmlns:f="http://autox.yukthitech.com/functions">
	<testSuite name="test-suite-3">
		<testCase name="testCase31">
			<description>
				Validates the test case with data provider is working properly without any setups or cleanups.
			</description>
			
			<list-data-provider name="dataString">
				<data>abc</data>
				<data>def</data>
				<data>ghi</data>
			</list-data-provider>
			
			<s:log message="testCase31 - ${attr.dataString}"/>
			<s:collection-add collection="attr: testSuite3Flow" value="testCase-${attr.dataString}"/>
		</testCase>
	</testSuite>
</testData>