<native-queries xmlns:ccg="/fw/ccg/XMLBeanParser">
	<ccg:exprPattern enabled="false"/>
	
	<query name="readQuery"><![CDATA[
		SELECT ID, EMP_NO EMPLOYEE_NO, PHONE_NO, AGE, EMAIL_ID, ENAME NAME
		FROM EMPLOYEE
		WHERE 1 = 1
		<#if query.name??>AND ENAME LIKE '%${query.name}%'</#if>
		<#if query.minAge??>AND AGE >= ?{query.minAge}</#if>
		<#if query.maxAge??>AND AGE <= ?{query.maxAge}</#if>
		ORDER BY EMP_NO
	]]></query>
	
	<query name="fetchCount"><![CDATA[
		SELECT COUNT(*)
		FROM EMPLOYEE
		WHERE 1 = 1
		<#if query.name??>AND ENAME LIKE '%${query.name}%'</#if>
		<#if query.minAge??>AND AGE >= ?{query.minAge}</#if>
		<#if query.maxAge??>AND AGE <= ?{query.maxAge}</#if>
	]]></query>
	
	<query name="insertQuery"><![CDATA[
		INSERT INTO EMPLOYEE(EMP_NO, EMAIL_ID, ENAME, PHONE_NO, AGE)
		VALUES(?{emp.employeeNo}, ?{emp.emailId}, ?{emp.name}, ?{emp.phoneNo}, ?{emp.age})
	]]></query>

	<query name="updateQuery"><![CDATA[
		UPDATE EMPLOYEE
		SET EMAIL_ID = ?{query.emailId}
		WHERE ID = ${query.id}
	]]></query>

	<query name="deleteQuery"><![CDATA[
		DELETE FROM EMPLOYEE
		WHERE 1 = 1
		<#if query.name??>AND ENAME LIKE '%${query.name}%'</#if>
	]]></query>
	
</native-queries>